2024-01-22T18:44:27.592+09:00  INFO 67582 --- [main] com.leteatgo.api.ApiApplication          : Starting ApiApplication using Java 17.0.8 with PID 67582 (/Users/doheekim/study/leteatgo/leteatgo-api/out/production/classes started by doheekim in /Users/doheekim/study/leteatgo)
2024-01-22T18:44:27.594+09:00  INFO 67582 --- [main] com.leteatgo.api.ApiApplication          : The following 1 profile is active: "local"
2024-01-22T18:44:28.364+09:00  INFO 67582 --- [main] .s.d.r.c.RepositoryConfigurationDelegate : Bootstrapping Spring Data JPA repositories in DEFAULT mode.
2024-01-22T18:44:28.395+09:00  INFO 67582 --- [main] .s.d.r.c.RepositoryConfigurationDelegate : Finished Spring Data repository scanning in 17 ms. Found 0 JPA repository interfaces.
2024-01-22T18:44:28.951+09:00  INFO 67582 --- [main] o.s.b.w.embedded.tomcat.TomcatWebServer  : Tomcat initialized with port 8080 (http)
2024-01-22T18:44:28.966+09:00  INFO 67582 --- [main] o.apache.catalina.core.StandardService   : Starting service [Tomcat]
2024-01-22T18:44:28.966+09:00  INFO 67582 --- [main] o.apache.catalina.core.StandardEngine    : Starting Servlet engine: [Apache Tomcat/10.1.18]
2024-01-22T18:44:29.032+09:00  INFO 67582 --- [main] o.a.c.c.C.[Tomcat].[localhost].[/]       : Initializing Spring embedded WebApplicationContext
2024-01-22T18:44:29.033+09:00  INFO 67582 --- [main] w.s.c.ServletWebServerApplicationContext : Root WebApplicationContext: initialization completed in 1398 ms
2024-01-22T18:44:29.207+09:00  INFO 67582 --- [main] o.hibernate.jpa.internal.util.LogHelper  : HHH000204: Processing PersistenceUnitInfo [name: default]
2024-01-22T18:44:29.295+09:00  INFO 67582 --- [main] org.hibernate.Version                    : HHH000412: Hibernate ORM core version 6.4.1.Final
2024-01-22T18:44:29.350+09:00  INFO 67582 --- [main] o.h.c.internal.RegionFactoryInitiator    : HHH000026: Second-level cache disabled
2024-01-22T18:44:29.696+09:00  INFO 67582 --- [main] o.s.o.j.p.SpringPersistenceUnitInfo      : No LoadTimeWeaver setup: ignoring JPA class transformer
2024-01-22T18:44:29.732+09:00  INFO 67582 --- [main] com.zaxxer.hikari.HikariDataSource       : HikariPool-1 - Starting...
2024-01-22T18:44:29.987+09:00  INFO 67582 --- [main] com.zaxxer.hikari.pool.HikariPool        : HikariPool-1 - Added connection conn0: url=jdbc:h2:mem:testdb user=SA
2024-01-22T18:44:29.989+09:00  INFO 67582 --- [main] com.zaxxer.hikari.HikariDataSource       : HikariPool-1 - Start completed.
2024-01-22T18:44:30.031+09:00  WARN 67582 --- [main] org.hibernate.orm.deprecation            : HHH90000025: H2Dialect does not need to be specified explicitly using 'hibernate.dialect' (remove the property setting and it will be selected by default)
2024-01-22T18:44:30.442+09:00  INFO 67582 --- [main] o.h.e.t.j.p.i.JtaPlatformInitiator       : HHH000489: No JTA platform available (set 'hibernate.transaction.jta.platform' to enable JTA platform integration)
2024-01-22T18:44:30.450+09:00  INFO 67582 --- [main] j.LocalContainerEntityManagerFactoryBean : Initialized JPA EntityManagerFactory for persistence unit 'default'
2024-01-22T18:44:31.104+09:00  INFO 67582 --- [main] o.s.b.w.embedded.tomcat.TomcatWebServer  : Tomcat started on port 8080 (http) with context path ''
2024-01-22T18:44:31.116+09:00  INFO 67582 --- [main] com.leteatgo.api.ApiApplication          : Started ApiApplication in 4.123 seconds (process running for 4.834)
